C51 COMPILER V7.10   232                                                                   07/25/2010 16:08:16 PAGE 1   


C51 COMPILER V7.10, COMPILATION OF MODULE 232
OBJECT MODULE PLACED IN 232.OBJ
COMPILER INVOKED BY: C:\Keil\C51\BIN\C51.EXE 232.c BROWSE DEBUG OBJECTEXTEND

line level    source

   1           /*******************************************************************************
   2          *  标题:                  RS485串口通信试验(接受与发送)                         *
   3          *                                                                                                                                                           *
   4          *  1.通过本例程了解串口的基本原理及使用 ,理解并掌握对串口进行初始化                         *
   5          *                                                                                                                                                               *
   6          *  2.请使用串口调试助手（Baud 4800、数据位8、停止位1、效验位无）做为上位机(发送)数据和(接受)数据，
   7          *    请在字符串输入框中输入字符和数字(HEX),按发送按钮。观看接受窗显示情况.也可以用自动循环发送。
   8          *
   9          *  3.试验RS485需要用RS232转485的转换头。开板A对485转换头A  B对应485转换头B.接法大家可以参考原理图。
  10          *                                                                                   *
  11          * 请学员认真消化本例程，学会用C语言操作串口和485的实现                          *
  12          ********************************************************************************/
  13          
  14          #include <REG52.H>
  15          #include <stdio.h>
  16          
  17          sbit RS485E=P3^7;   //定义485的使能脚
  18          bit SendFlag;
  19          unsigned int ReData,SenData;
  20          
  21          /**************************************
  22                      延时程序
  23          **************************************/
  24          void delay(unsigned char i)
  25          {
  26   1              unsigned char j;
  27   1              for(i; i > 0; i--)
  28   1                      for(j = 200; j > 0; j--);
  29   1      }
  30          
  31          
  32          void main (void) {
  33   1      
  34   1      
  35   1              SCON = 0x50;      //REN=1允许串行接受状态，串口工作模式1                   
  36   1                  TMOD|= 0x20;      //定时器工作方式2                    
  37   1                      PCON|= 0x80;                                                          
  38   1                      TH1  = 0xFD;     //baud*2  /* reload value 19200、数据位8、停止位1。效验位无 (11.0592)   
  39   1                      //TH1 = 0xF3;    // //baud*2  /*  波特率4800、数据位8、停止位1。效验位无 (12M)
  40   1              TL1 = 0xF3;       
  41   1                      TR1  = 1;                                                             
  42   1                      ES   = 1;        //开串口中断                  
  43   1                      EA   = 1;        // 开总中断 
  44   1              
  45   1                 // IE = 0x0;
  46   1         
  47   1              while(1)
  48   1          { 
  49   2              
  50   2                if (SendFlag==1)    // max485(半双工通信) RE/DE定义 RE=0为接受状态  DE=1为发送状态(参考MAX485芯片管脚)
  51   2                {   RS485E=1;           //                              RS5485E=0为接收状态  RS5485E=1为发送状态
  52   3                    SBUF=SenData;        //发送数据
  53   3                        delay(50);
  54   3             }
  55   2               else
C51 COMPILER V7.10   232                                                                   07/25/2010 16:08:16 PAGE 2   

  56   2                {
  57   3      
  58   3                    RS485E=0;       //接收状态
  59   3                }
  60   2      
  61   2       }
  62   1       
  63   1      }
  64          
  65          /****************************************************
  66                         串口中断程序
  67          ******************************************************/
  68          void ser_int (void) interrupt 4 using 1
  69          {
  70   1       if(TI == 1)
  71   1       {
  72   2              TI = 0;
  73   2              SendFlag = 0;
  74   2       }
  75   1      
  76   1       if(RI == 1)        //RI接受中断标志
  77   1       {
  78   2              RI = 0;             //清除RI接受中断标志
  79   2              ReData = SBUF;  //SUBF接受/发送缓冲器
  80   2              SenData=ReData;
  81   2              SendFlag = 1;
  82   2          
  83   2       }
  84   1      }


MODULE INFORMATION:   STATIC OVERLAYABLE
   CODE SIZE        =     89    ----
   CONSTANT SIZE    =   ----    ----
   XDATA SIZE       =   ----    ----
   PDATA SIZE       =   ----    ----
   DATA SIZE        =      4    ----
   IDATA SIZE       =   ----    ----
   BIT SIZE         =      1    ----
END OF MODULE INFORMATION.


C51 COMPILATION COMPLETE.  0 WARNING(S),  0 ERROR(S)
