C51 COMPILER V7.10   LED_1                                                                 08/24/2010 16:52:44 PAGE 1   


C51 COMPILER V7.10, COMPILATION OF MODULE LED_1
OBJECT MODULE PLACED IN LED_1.OBJ
COMPILER INVOKED BY: C:\Keil\C51\BIN\C51.EXE LED_1.c BROWSE DEBUG OBJECTEXTEND

line level    source

   1          /*******************************************************************************
   2          *  标题:                  试验1位数码管上显示外部中断计数                      *
   3          *                                                                                                                                                          *
   4          *  连接方法：P0与JP3  P3与JP5  用8PIN排线连接      P3.2外部中断输入*
   5          ********************************************************************************
   6          *                                                                                                                      *
   7          * 请学员认真消化本例程，用单片机脚直接控制数码管和外部中断使用                 *
   8          ********************************************************************************/
   9          
  10          #include < reg51.h >
  11          #include <intrins.h>
  12          
  13          
  14          unsigned int LedNumVal;
  15          
  16          // 此表为 LED 的字模            // 0    1    2    3    4    5    6   7    8    9    A    b    c    d    E 
             -   -    L   P    U    Hidden  _ (20)
  17          unsigned char code Disp_Tab[] = { 0xC0,0xF9,0xA4,0xB0,0x99,0x92,0x82,0xF8,0x80,0x90,0x88,0x83,0xC6,0xA1,0x
             -86,0xbf,0xc7,0x8c,0xc1, 0xff,  0xf7 }; 
  18          
  19          
  20          /********************************************************
  21          * 主程序                                               *
  22          ********************************************************/
  23          void main(void)
  24          {  
  25   1         
  26   1      // IT0=0;       //低电平触发
  27   1         IT0=1;       //下降沿触发
  28   1         EA=1;
  29   1         EX0=1;
  30   1      
  31   1         while(1)
  32   1         {    
  33   2            P0=Disp_Tab[LedNumVal%10];
  34   2         }
  35   1      }
  36          /********************************************************
  37          * INT0中断函数                                          *
  38          ********************************************************/
  39          void  counter(void) interrupt 0 
  40          {
  41   1         EX0=0;
  42   1         LedNumVal++;     //中断计数  
  43   1         EX0=1;
  44   1      }
  45          /********************************************************/


MODULE INFORMATION:   STATIC OVERLAYABLE
   CODE SIZE        =     50    ----
   CONSTANT SIZE    =     21    ----
   XDATA SIZE       =   ----    ----
   PDATA SIZE       =   ----    ----
   DATA SIZE        =      2    ----
C51 COMPILER V7.10   LED_1                                                                 08/24/2010 16:52:44 PAGE 2   

   IDATA SIZE       =   ----    ----
   BIT SIZE         =   ----    ----
END OF MODULE INFORMATION.


C51 COMPILATION COMPLETE.  0 WARNING(S),  0 ERROR(S)
