C51 COMPILER V7.10   TFT_PHOTO                                                             10/01/2010 19:13:53 PAGE 1   


C51 COMPILER V7.10, COMPILATION OF MODULE TFT_PHOTO
OBJECT MODULE PLACED IN TFT-Photo.OBJ
COMPILER INVOKED BY: C:\Keil\C51\BIN\C51.EXE TFT-Photo.c BROWSE DEBUG OBJECTEXTEND

line level    source

   1           /*********************************************************************
   2          *                                                                     *
   3          *           TFT液晶屏显示图片                                         *
   4          *              （  普中科技  ）                                       *
   5          *                                                                     *
   6          * 实验目的：1.掌握TFT彩屏驱动程序的编写、                                                         *
   7                      2.学会运用取字模软件应用（取图片数组）                                        *
   8                                  3.学会怎样处理字模数组数据                                *
   9          *                                                                     *
  10          *实验现象：彩屏中显示4个相同的图片                                    *
  11          *                                                                     *
  12          ***********************************************************************/
  13          
  14          #include <reg52.h>
  15          #include <intrins.h>
  16          
  17          #include "LCD.h"
  18          
  19          char code reserve[3]_at_ 0x3b; //保留0x3b开始的3个字节
  20          
  21          /**********************************************************
  22          
  23            主函数
  24          
  25          **********************************************************/
  26          void main(void)
  27          {  
  28   1         P2 = 0xff;
  29   1         P0 = 0xff;
  30   1          
  31   1          LCD_init();
  32   1          LCD_clear(6);
  33   1      
  34   1          pic_play(7,61,8,74);
  35   1          pic_play(68,122,8,74);
  36   1          pic_play(7,61,82,148);
  37   1          pic_play(68,122,82,148);
  38   1       
  39   1         while(1)     ;
  40   1      }
  41          
  42          /*********************************************************/


MODULE INFORMATION:   STATIC OVERLAYABLE
   CODE SIZE        =    100    ----
   CONSTANT SIZE    =   ----    ----
   XDATA SIZE       =   ----    ----
   PDATA SIZE       =   ----    ----
   DATA SIZE        =   ----    ----
   IDATA SIZE       =   ----    ----
   BIT SIZE         =   ----    ----
END OF MODULE INFORMATION.


C51 COMPILATION COMPLETE.  0 WARNING(S),  0 ERROR(S)
