C51 COMPILER V7.10   MAIN                                                                  10/01/2010 19:11:13 PAGE 1   


C51 COMPILER V7.10, COMPILATION OF MODULE MAIN
OBJECT MODULE PLACED IN main.OBJ
COMPILER INVOKED BY: C:\Keil\C51\BIN\C51.EXE main.c BROWSE DEBUG OBJECTEXTEND

line level    source

   1           /*********************************************************************
   2          *                                                                     *
   3          *           TFT液晶屏字符和汉字显示程序                               *
   4          *              （  普中科技  ）                                       *
   5          *                                                                     *
   6          * 实验目的：1.掌握TFT彩屏驱动程序的编写、                                                         *
   7                      2.学会运用取字模软件应用(取字符和汉字数组)                            *
   8                                  3.学会怎样处理字模数组数据                                *
   9          *                                                                     *
  10          *实验现象：彩屏中显示汉字、数字、字母！                               *
  11          *                                                                     *
  12          ***********************************************************************/
  13          
  14          #include <reg52.h>
  15          #include <intrins.h>
  16          
  17          #include "lcd.h"
  18          
  19          
  20          /**********************************************************
  21          
  22            主函数
  23          
  24          **********************************************************/
  25          void main(void)
  26          {  
  27   1         P2 = 0xff;
  28   1         P0 = 0xff;
  29   1      
  30   1         LCD_init();
  31   1         LCD_clear(5);
  32   1        
  33   1         ChineseChar(14,10,2,colors[2],colors[7],1);  //普
  34   1         ChineseChar(38,10,2,colors[2],colors[7],2);  //中
  35   1         ChineseChar(62,10,2,colors[2],colors[7],3);  //科
  36   1         ChineseChar(86,10,2,colors[2],colors[7],4);  //技
  37   1           
  38   1         
  39   1         LCD_ShowString(12,40,colors[0],colors[7],"-");
  40   1         ChineseChar(20,40,0,colors[0],colors[7],1);  //带
  41   1         ChineseChar(32,40,0,colors[0],colors[7],2);  //您
  42   1         ChineseChar(44,40,0,colors[0],colors[7],3);  //进
  43   1         ChineseChar(56,40,0,colors[0],colors[7],4);  //入
  44   1         ChineseChar(68,40,0,colors[0],colors[7],5);  //单
  45   1         ChineseChar(80,40,0,colors[0],colors[7],6);  //片
  46   1         ChineseChar(92,40,0,colors[0],colors[7],7);  //机
  47   1         ChineseChar(104,40,0,colors[0],colors[7],8); //世
  48   1         ChineseChar(116,40,0,colors[0],colors[7],9); //界 
  49   1      
  50   1         LCD_ShowString(4,58,colors[0],colors[5],"www.PRECHIN.com");
  51   1      
  52   1      
  53   1          ChineseChar(0,80,1,colors[4],colors[7],1);  //专
  54   1              ChineseChar(16,80,1,colors[4],colors[7],2);     //业
  55   1              ChineseChar(32,80,1,colors[6],colors[7],3);     //技
C51 COMPILER V7.10   MAIN                                                                  10/01/2010 19:11:13 PAGE 2   

  56   1              ChineseChar(48,80,1,colors[6],colors[7],4);     //术
  57   1              ChineseChar(60,80,1,colors[2],colors[7],5);     //论
  58   1              ChineseChar(76,80,1,colors[2],colors[7],6);     //坛
  59   1              LCD_ShowString(92,80,colors[4],colors[7],":");
  60   1      
  61   1              LCD_ShowString(4,100,colors[7],colors[2],"www.PRECHIN.net");
  62   1      
  63   1              
  64   1                 
  65   1         LCD_ShowString(12,124,colors[0],colors[7],"TELE:");
  66   1         LCD_ShowString(12,142,colors[2],colors[7],"0755-61190227");
  67   1      
  68   1         while(1)     ;
  69   1      }
  70          
  71          /*********************************************************/


MODULE INFORMATION:   STATIC OVERLAYABLE
   CODE SIZE        =    714    ----
   CONSTANT SIZE    =     56    ----
   XDATA SIZE       =   ----    ----
   PDATA SIZE       =   ----    ----
   DATA SIZE        =   ----    ----
   IDATA SIZE       =   ----    ----
   BIT SIZE         =   ----    ----
END OF MODULE INFORMATION.


C51 COMPILATION COMPLETE.  0 WARNING(S),  0 ERROR(S)
