C51 COMPILER V7.10   LED_KEY                                                               04/12/2010 22:46:30 PAGE 1   


C51 COMPILER V7.10, COMPILATION OF MODULE LED_KEY
OBJECT MODULE PLACED IN LED_KEY.OBJ
COMPILER INVOKED BY: C:\Keil\C51\BIN\C51.EXE LED_KEY.C BROWSE DEBUG OBJECTEXTEND

line level    source

   1          
   2          /********************************************************************************
   3          *  描述:                                                                       *    
   4          *        矩阵键盘数码管显示键值                                                *    
   5          *   排线连接方法：JP8（P1） 与JP4（矩阵键盘接口）连接  P0与JP3(静态数码管)连接 *    
   6          *         矩阵键盘定义：                                                       *
   7          *         P1.1-P1.4为列线,P1.4-P1.7为行线                                      *    
   8          *         喇叭接P1.5口  矩阵键盘P1口，                                         *    
   9          *  注意：请将JP165短路冒断开                                                   *                          
             -  
  10          ********************************************************************************/
  11          
  12          
  13          #include <reg51.h>
  14          #include <intrins.h>
  15                                  
  16          #define uchar unsigned char
  17          #define uint  unsigned int
  18          
  19          uchar  dis_buf;            //显示缓存
  20          uchar  temp;
  21          uchar  key;                //键顺序吗
  22          void delay0(uchar x);      //x*0.14MS
  23          
  24          #define delayNOP(); {_nop_();_nop_();_nop_();_nop_();};
  25          
  26          // 此表为 LED 的字模               0      1             2        3         4     5              6        7              8        9        a               b        c    d         e              f
  27          unsigned char code LED7Code[] = {~0x3F,~0x06,~0x5B,~0x4F,~0x66,~0x6D,~0x7D,~0x07,~0x7F,~0x6F,~0x77,~0x7C,~
             -0x39,~0x5E,~0x79,~0x71};
  28          
  29          /*************************************************************/
  30          /*                                                           */
  31          /* 延时子程序                                                */
  32          /*                                                           */
  33          /*************************************************************/
  34          
  35          void  delay(uchar x)
  36          { uchar j;
  37   1          while((x--)!=0)
  38   1          { for(j=0;j<125;j++)
  39   2               {;}
  40   2          }
  41   1      }
  42          
  43          
  44           /*************************************************************/
  45          /*                                                           */
  46          /* 键扫描子程序  (4*3 的矩阵) P1.4 P1.5 P1.6 P1.7为行        */
  47          /*                                                        P1.1 P1.2 P1.3为列             */
  48          /*                                                                                       */
  49          /*************************************************************/
  50          
  51           void  keyscan(void)
  52           {      temp = 0;
  53   1          P1=0xF0;                 //高四位输入   行为高电平  列为低电平
C51 COMPILER V7.10   LED_KEY                                                               04/12/2010 22:46:30 PAGE 2   

  54   1          delay(1);
  55   1              temp=P1;                 //读P1口 
  56   1          temp=temp&0xF0;                      //屏蔽低四位
  57   1          temp=~((temp>>4)|0xF0);       
  58   1          if(temp==1)   // p1.4 被拉低
  59   1              key=0;
  60   1          else if(temp==2)   // p1.5 被拉低
  61   1              key=1;
  62   1          else if(temp==4)   // p1.6 被拉低
  63   1              key=2;
  64   1          else if(temp==8)   // p1.7 被拉低
  65   1               key=3;
  66   1          else
  67   1              key=16;
  68   1              
  69   1          P1=0x0F;                //低四位输入  列为高电平 行为低电平
  70   1          delay(1);
  71   1              temp=P1;                //读P1口       
  72   1          temp=temp&0x0F;
  73   1          temp=~(temp|0xF0);
  74   1          if(temp==2)            // p1.1  被拉低
  75   1              key=key+0;
  76   1          else if(temp==4)   // p1.2  被拉低
  77   1              key=key+4;
  78   1          else if(temp==8)    // p1.3  被拉低
  79   1              key=key+8;
  80   1          else
  81   1              key=16;  
  82   1              
  83   1           dis_buf = key;                  //键值入显示缓存
  84   1           dis_buf = dis_buf & 0x0f;
  85   1       
  86   1       }
  87          
  88          
  89          
  90          
  91          /*************************************************************/
  92          /*                                                           */
  93          /*判断键是否按下                                             */
  94          /*                                                           */
  95          /*************************************************************/
  96          
  97           void  keydown(void)
  98           {  
  99   1              P1=0xF0;
 100   1              if(P1!=0xF0)  //判断按键是否按下 如果按钮按下 会拉低P1其中的一个端口
 101   1              {
 102   2                keyscan();
 103   2          }
 104   1       }
 105           
 106          /*************************************************************/
 107          /*                                                           */
 108          /* 主程序                                                    */
 109          /*                                                           */
 110          /*************************************************************/ 
 111          main()
 112           {
 113   1          P0=0xFF;                    //置P0口
 114   1          P1=0xFF;                    //置P1口  
 115   1          delay(10);                 //延时
C51 COMPILER V7.10   LED_KEY                                                               04/12/2010 22:46:30 PAGE 3   

 116   1          
 117   1          while(1)
 118   1          { 
 119   2             keydown();
 120   2                 P0 = LED7Code[dis_buf%16]&0x7f;     //LED7 0x7f为小数点 共阴和共阳此处也是不一样;
 121   2          
 122   2          }
 123   1        }   
 124          
 125          /************************************************************/  
 126          


MODULE INFORMATION:   STATIC OVERLAYABLE
   CODE SIZE        =    188    ----
   CONSTANT SIZE    =     16    ----
   XDATA SIZE       =   ----    ----
   PDATA SIZE       =   ----    ----
   DATA SIZE        =      3    ----
   IDATA SIZE       =   ----    ----
   BIT SIZE         =   ----    ----
END OF MODULE INFORMATION.


C51 COMPILATION COMPLETE.  0 WARNING(S),  0 ERROR(S)
