C51 COMPILER V7.10   BEEP_TIMER1                                                           11/05/2009 16:18:35 PAGE 1   


C51 COMPILER V7.10, COMPILATION OF MODULE BEEP_TIMER1
OBJECT MODULE PLACED IN beep_timer1.OBJ
COMPILER INVOKED BY: C:\Keil\C51\BIN\C51.EXE beep_timer1.c BROWSE DEBUG OBJECTEXTEND

line level    source

   1          /*******************************************************************************
   2          *  标题:                  试验定时中断1使 蜂铃器发声(C语言)                    *
   3          *                                                                                                                                                          *
   4          *  连接方法：P1.5       蜂铃器                                                 *
   5          ********************************************************************************
   6          *                                                                                                                      *
   7          * 请学员认真消化本例程，熟练定时中断1的编程                                    *
   8          ********************************************************************************/ 
   9          
  10          #include < reg51.h >
  11          #include <intrins.h>
  12          
  13          sbit Beep = P1^5; 
  14          unsigned int USE_C ; 
  15          
  16            
  17          /*********************************************************
  18            主函数
  19          **********************************************************/
  20          void  main()
  21          {
  22   1          TMOD=0x10;   //定时/计数器1工作于方式1
  23   1          TH0=0x4C;
  24   1          TL0=0x00;    //50ms定时常数
  25   1          EA=1;        //开总中断
  26   1          ET1=1;       //允许定时/计数器1 中断
  27   1          TR1=1;       //启动定时/计数器1 中断
  28   1       
  29   1          while(1);
  30   1      } 
  31          
  32          
  33          /*********************************************************
  34            中断服务函数
  35          **********************************************************/
  36          void Time1(void) interrupt 3 // using 0
  37          {
  38   1         TH1=0x4c;               //50ms定时
  39   1         TL1=0x00;
  40   1         if (++USE_C == 15)      //每隔1秒发声
  41   1         { Beep = ~Beep;
  42   2               USE_C = 0;
  43   2         }
  44   1      
  45   1         
  46   1      }
  47          /*********************************************************/
  48          


MODULE INFORMATION:   STATIC OVERLAYABLE
   CODE SIZE        =     48    ----
   CONSTANT SIZE    =   ----    ----
   XDATA SIZE       =   ----    ----
   PDATA SIZE       =   ----    ----
C51 COMPILER V7.10   BEEP_TIMER1                                                           11/05/2009 16:18:35 PAGE 2   

   DATA SIZE        =      2    ----
   IDATA SIZE       =   ----    ----
   BIT SIZE         =   ----    ----
END OF MODULE INFORMATION.


C51 COMPILATION COMPLETE.  0 WARNING(S),  0 ERROR(S)
