C51 COMPILER V7.10   LCD                                                                   10/01/2010 19:14:18 PAGE 1   


C51 COMPILER V7.10, COMPILATION OF MODULE LCD
OBJECT MODULE PLACED IN Lcd.OBJ
COMPILER INVOKED BY: C:\Keil\C51\BIN\C51.EXE Lcd.c BROWSE DEBUG OBJECTEXTEND

line level    source

   1          /**********************************************************
   2          *                                                                                         *
   3          *                                  彩屏驱动程序                                                   *
   4          *                                                                                                                 *
   5          **********************************************************/
   6          
   7          #include <reg52.h>
   8          #include "Lcd.h"
   9          #include "char.h"
  10          #include "chinese.h"
  11          
  12          uint colors[]=
  13          {
  14            0xf800,0x07e0,0x001f,0xffe0,0x0000,0x07ff,0xf81f,0xffff
  15          };
  16          
  17          /**********************************************************
  18          
  19           延时子函数
  20          
  21          **********************************************************/
  22          void delay_ms(uint ms)
  23          {
  24   1        unsigned char k;
  25   1      
  26   1        while (ms--)
  27   1        {
  28   2          for (k = 0; k < 228; k++)
  29   2            ;
  30   2        }
  31   1      }
  32          
  33          /**********************************************************
  34          
  35           写命令与数据子函数
  36          
  37          **********************************************************/
  38          void LCD_Write(uchar type, uint value)  
  39          {
  40   1              LCD_CS = 0;
  41   1              LCD_RS  = type;                 // 0: command    1: data
  42   1              
  43   1              LCD_WR  = 0;
  44   1              DATA    = (uchar)value;;
  45   1              LCD_WR  = 1;
  46   1              LCD_CS = 1;
  47   1      }
  48          
  49          /**********************************************************
  50          
  51           写8位数据子函数
  52          
  53          **********************************************************/
  54          /*void LCD_Write_Data8(uchar value)    // color data
  55          {
C51 COMPILER V7.10   LCD                                                                   10/01/2010 19:14:18 PAGE 2   

  56                  LCD_CS = 0;
  57                  LCD_RS  = 1;
  58                  LCD_WR  = 0;
  59                  DATA    = value;
  60                  LCD_WR  = 1;
  61                  LCD_CS = 1;
  62          }*/
  63          
  64          
  65          /**********************************************************
  66          
  67           写16位数据子函数
  68          
  69          **********************************************************/
  70          void LCD_Wirte_Data16(uint value)    // color data
  71          {
  72   1              LCD_CS = 0;
  73   1          LCD_RS      = 1;
  74   1              LCD_WR  = 0;
  75   1              DATA    = (uchar)value;
  76   1              LCD_WR  = 1;
  77   1              LCD_WR  = 0;
  78   1              DATA    = (uchar)(value>>8)     ;
  79   1              LCD_WR  = 1;
  80   1              LCD_CS = 1;
  81   1      }
  82          
  83          /*********************************************************
  84          
  85           写寄存器子函数
  86          
  87          **********************************************************/
  88          void Reg_Write(uint reg,uint value) 
  89          {
  90   1         LCD_Write(TYPE_LCD_COMMAND,reg);
  91   1         LCD_Write(TYPE_LCD_DATA,value);
  92   1      }
  93          
  94          
  95          /**********************************************************
  96          
  97          设置显示窗口子函数
  98          
  99          **********************************************************/
 100          void LCD_SetRamAddr(uint xStart, uint xEnd, uint yStart, uint yEnd) 
 101          {
 102   1         uint VerPos,HorPos,StartAddr;
 103   1      
 104   1         HorPos    = (uint)(xStart | (xEnd<<8));
 105   1         VerPos    = (uint)(yStart | (yEnd<<8));
 106   1         StartAddr = (uint)(xStart | (yStart<<8));
 107   1      
 108   1      
 109   1      
 110   1          Reg_Write(0x09, xStart);
 111   1          Reg_Write(0x10,yStart);
 112   1          Reg_Write(0x11,xEnd);
 113   1          Reg_Write(0x12,yEnd);
 114   1      
 115   1          Reg_Write(0x18, xStart); 
 116   1              Reg_Write(0x19, yStart); 
 117   1          LCD_Write(TYPE_LCD_COMMAND,0x22);           // 0x22
C51 COMPILER V7.10   LCD                                                                   10/01/2010 19:14:18 PAGE 3   

 118   1      }
 119          
 120          
 121          /**********************************************************/
 122          void LCD_init(void)
 123          {       uint num;
 124   1              Reg_Write(0x0001,0x0002);       //MODE_SEL1
 125   1              Reg_Write(0x0002,0x0012);   //MODE_SEL2
 126   1              Reg_Write(0x0003,0x0000);   //MODE_SEL3
 127   1              Reg_Write(0x0004,0x0010);       //MODE_SEL3
 128   1              LCD_SetRamAddr(0,127, 0,159); 
 129   1              for(num=20480;num>0;num--)
 130   1              LCD_Wirte_Data16(0xffff);
 131   1         
 132   1              Reg_Write(0x0005,0x0008);   //VCO_MODE  
 133   1              Reg_Write(0x0007,0x007f);       //VCOMHT_CTRL
 134   1              Reg_Write(0x0008,0x0017);   //VCOMLT_CTRL       
 135   1              Reg_Write(0x0009,0x0000);   //write SRAM window start X point
 136   1              Reg_Write(0x0010,0x0000);   //write SRAM window start y point
 137   1              Reg_Write(0x0011,0x0083);   //write SRAM window end x point
 138   1              Reg_Write(0x0012,0x009f);   //write SRAM window end y point
 139   1              Reg_Write(0x0017,0x0000);   //SRAM contrl
 140   1              Reg_Write(0x0018,0x0000);   //SRAM x position
 141   1              Reg_Write(0x0019,0x0000);   //SRAM y position
 142   1              Reg_Write(0x0006,0x00c5);   //DAC_OP_CTRL2
 143   1              delay_ms(10); //延时
 144   1      
 145   1      }
 146          
 147          
 148          /**********************************************************
 149          
 150           清屏子函数
 151          
 152          **********************************************************/
 153          void  LCD_clear(uchar n)
 154          {
 155   1         uint num;
 156   1         
 157   1         LCD_SetRamAddr(0,127, 0,159);
 158   1      
 159   1         for(num=20480;num>0;num--)          //160*128=20480
 160   1         {
 161   2           LCD_Wirte_Data16(colors[n]);
 162   2         }
 163   1      }
 164          
 165          
 166          /**********************************************************
 167          
 168            字符显示子函数
 169          
 170          **********************************************************/
 171          void LCD_ShowChar(uchar x,uchar y,uint For_color,uint Bk_color, char ch)
 172          {       
 173   1         uchar temp;
 174   1         uchar pos,t;
 175   1         uchar  CHAR_W,CHAR_H;
 176   1         
 177   1         CHAR_W = 8;         //8*16
 178   1         CHAR_H = 16;
 179   1      
C51 COMPILER V7.10   LCD                                                                   10/01/2010 19:14:18 PAGE 4   

 180   1         if(x>(LCD_SIZE_X-CHAR_W)||y>(LCD_SIZE_Y-CHAR_H))
 181   1         return;
 182   1         
 183   1         LCD_SetRamAddr(x, x+CHAR_W-1, y,y+CHAR_H-1);
 184   1         ch = ch-32;                       //按照ASCII编码顺序的到相应字母的编码
 185   1      
 186   1         for(pos=0;pos<CHAR_H;pos++)  
 187   1         {
 188   2            temp= Font8x16[ch][pos];
 189   2            
 190   2            for(t=0;t<CHAR_W;t++)
 191   2            {                 
 192   3                  if(temp&0x80)
 193   3                  LCD_Wirte_Data16(For_color);  //textcolor
 194   3                  else 
 195   3                  LCD_Wirte_Data16(Bk_color);  //backcolor
 196   3              temp<<=1; 
 197   3            }
 198   2                
 199   2         }
 200   1      }  
 201          
 202          /**********************************************************
 203           显示字符串子函数
 204          
 205           x,y:起点坐标  
 206           *p:字符串起始地址
 207          
 208          **********************************************************/
 209          void LCD_ShowString(uchar x,uchar y,uint For_color,uint Bk_color,char *p)
 210          {         
 211   1         while(*p!='\0')
 212   1         {       
 213   2           LCD_ShowChar(x,y,For_color,Bk_color,*p);
 214   2           x+=8;
 215   2           p++;
 216   2         }
 217   1      }
 218          
 219          
 220          /**********************************************************
 221          
 222            写汉字子函数
 223          
 224          **********************************************************/
 225          void ChineseChar(uint x,uint y,int size,uint For_color,uint Bk_color ,char c)
 226          {
 227   1         int e=0,i,j;
 228   1         int  ed;
 229   1         
 230   1         uint  ncols;
 231   1         uint  nrows;
 232   1         uint  nbytes;
 233   1      
 234   1         uchar *pfont;
 235   1         uchar *pchar;
 236   1         uchar *fonttable[]={(uchar *)hz12,(uchar *)hz16,(uchar *)hz24};
 237   1         
 238   1         pfont=(uchar *)fonttable[size];
 239   1      
 240   1         if(size==0)
 241   1         {
C51 COMPILER V7.10   LCD                                                                   10/01/2010 19:14:18 PAGE 5   

 242   2           ncols =12-1;
 243   2           nrows =12-1;
 244   2           nbytes =24;         //(12*12)/72
 245   2         }
 246   1         else
 247   1         if(size==1)
 248   1         {
 249   2           ncols =16-1;
 250   2           nrows =16-1;
 251   2           nbytes =32;  //(16*16)/72
 252   2         }
 253   1         else
 254   1         if(size==2)
 255   1         {
 256   2           ncols =24-1;
 257   2           nrows =24-1;
 258   2           nbytes =72;   //(24*24)/72
 259   2         }
 260   1         
 261   1         pchar=pfont + (nbytes*(c-1));
 262   1      
 263   1         LCD_SetRamAddr(x, x+nrows, y,y+ncols);
 264   1         
 265   1         for(i=0;i<nbytes;i++)
 266   1         {
 267   2           ed=*pchar++;
 268   2               if(size==0)
 269   2               {
 270   3             if(i%2==0)
 271   3             e=8;
 272   3             else
 273   3             e=4;
 274   3               }
 275   2               else
 276   2               e=8;
 277   2           
 278   2           for(j=0;j<e;j++)
 279   2           if((ed>>j)&0x01)
 280   2           {
 281   3             LCD_Wirte_Data16(For_color);  //textcolor
 282   3               }
 283   2           else
 284   2           {
 285   3             LCD_Wirte_Data16(Bk_color);  //backcolor
 286   3               }
 287   2        }
 288   1      }
 289          
 290          /*********************************************************/


MODULE INFORMATION:   STATIC OVERLAYABLE
   CODE SIZE        =    977    ----
   CONSTANT SIZE    =   2337    ----
   XDATA SIZE       =   ----    ----
   PDATA SIZE       =   ----    ----
   DATA SIZE        =     16      65
   IDATA SIZE       =   ----    ----
   BIT SIZE         =   ----    ----
END OF MODULE INFORMATION.


C51 COMPILATION COMPLETE.  0 WARNING(S),  0 ERROR(S)
