C51 COMPILER V7.10   MAIN                                                                  10/01/2010 19:14:18 PAGE 1   


C51 COMPILER V7.10, COMPILATION OF MODULE MAIN
OBJECT MODULE PLACED IN main.OBJ
COMPILER INVOKED BY: C:\Keil\C51\BIN\C51.EXE main.c BROWSE DEBUG OBJECTEXTEND

line level    source

   1          /**********************************************************************
   2          *                                                                     *
   3          *           TFT液晶矩阵键盘键值显示程序                               *
   4          *              （  普中科技  ）                                       *
   5          *                                                                     *
   6          * 实验目的：1.掌握TFT彩屏驱动程序的编写、                                                         *
   7                      2.学会运用取字模软件应用(取字符和汉字数组)                            *
   8                                  3.学会怎样处理字模数组数据                                *
   9                      4.可变的ASCII的数字在TFT中显示和矩阵键盘原理。            *
  10          *                                                                     *
  11          *实验现象：彩屏中显示矩阵键盘的键值                                   *
  12          *                                                                     *
  13          ***********************************************************************/
  14          
  15          #include <reg52.h>
  16          #include <intrins.h>
  17          
  18          #include "lcd.h"
  19          #include "4x3.h"
  20          
  21          unsigned char Val[14];
  22          
  23          /*********************************************8
  24          *
  25          * 将字符赋值给制定的数组中
  26          ************************************************/
  27          void char_Initi()
  28          {
  29   1         Val[0]  = 'V';
  30   1         Val[1]  = 'a';
  31   1         Val[2]  = 'l';
  32   1         Val[3]  = 'u';
  33   1         Val[4]  = 'e';
  34   1         Val[5]  = ':';
  35   1         Val[6]  = ' ';
  36   1         dis_buf  = '0';   // 对此变量初始化，以便刚开机时，没有按键输入时，显示为0
  37   1         Val[8]  = ' ';
  38   1         Val[9]  = '-';
  39   1         Val[10]  = 'H';
  40   1         Val[13]  = '\0';
  41   1      
  42   1      
  43   1      }
  44          
  45          
  46          /**********************************************************
  47          
  48            主函数
  49          
  50          **********************************************************/
  51          void main(void)
  52          {  
  53   1         P2 = 0xff;
  54   1         P0 = 0xff;
  55   1         
C51 COMPILER V7.10   MAIN                                                                  10/01/2010 19:14:18 PAGE 2   

  56   1         char_Initi();
  57   1         LCD_init();
  58   1         LCD_clear(5);
  59   1        
  60   1          ChineseChar(14,10,2,colors[2],colors[7],1); //普
  61   1          ChineseChar(38,10,2,colors[2],colors[7],2); //中
  62   1          ChineseChar(62,10,2,colors[2],colors[7],3); //科
  63   1          ChineseChar(86,10,2,colors[2],colors[7],4); //技
  64   1           
  65   1         
  66   1          ChineseChar(32,60,1,colors[4],colors[7],1); //矩
  67   1              ChineseChar(48,60,1,colors[4],colors[7],2);     //阵
  68   1              ChineseChar(64,60,1,colors[6],colors[7],3);     //键
  69   1              ChineseChar(80,60,1,colors[6],colors[7],4);     //盘
  70   1              
  71   1          ChineseChar(24,80,1,colors[2],colors[7],5); //键
  72   1          ChineseChar(40,80,1,colors[2],colors[7],6); //值
  73   1              ChineseChar(56,80,1,colors[2],colors[7],7);     //读
  74   1          ChineseChar(72,80,1,colors[2],colors[7],8); //取
  75   1          ChineseChar(88,80,1,colors[2],colors[7],9); //器
  76   1      
  77   1      
  78   1         while(1)     
  79   1        {
  80   2              keydown();
  81   2              Val[7] = dis_buf; //dis_buf 已经转化成了ASCII值
  82   2                  LCD_ShowString(20,100,colors[7],colors[2],Val); //将字符送到彩屏中显示
  83   2                 
  84   2        }  
  85   1      }
  86          
  87          /*********************************************************/


MODULE INFORMATION:   STATIC OVERLAYABLE
   CODE SIZE        =    478    ----
   CONSTANT SIZE    =   ----    ----
   XDATA SIZE       =   ----    ----
   PDATA SIZE       =   ----    ----
   DATA SIZE        =     14    ----
   IDATA SIZE       =   ----    ----
   BIT SIZE         =   ----    ----
END OF MODULE INFORMATION.


C51 COMPILATION COMPLETE.  0 WARNING(S),  0 ERROR(S)
