C51 COMPILER V7.10   DS1302                                                                03/28/2010 12:46:57 PAGE 1   


C51 COMPILER V7.10, COMPILATION OF MODULE DS1302
OBJECT MODULE PLACED IN DS1302.OBJ
COMPILER INVOKED BY: C:\Keil\C51\BIN\C51.EXE DS1302.C BROWSE DEBUG OBJECTEXTEND

line level    source

   1          # include "SYSTEM.H"
   2          
   3          
   4          /*--------------------------------------------------------------*/
   5          //#ifndef __DS1302_A_H__
   6          //#define __DS1302_A_H__
   7          
   8          /*--------------------------------------------------------------*/
   9          
  10          //引脚及位的定义
  11          sbit DS1302_CLK = P3^6;   //时钟引脚
  12          sbit DS1302_IO  = P3^4;   //数据引脚
  13          sbit DS1302_RST = P3^5;   //复位引脚
  14          sbit ACC0 = ACC^0;
  15          sbit ACC7 = ACC^7;
  16          
  17          
  18          /*--------------------------------------------------------------*/
  19          //函数声明
  20          void DS1302_InputByte(unchar Data);           //写入一个字节(内部函数)
  21          unchar DS1302_OutputByte(void);               //读取一个字节(内部函数)
  22          void Write1302(unchar Address, unchar Data);  //在指定地址写入指定的数据
  23          unchar Read1302(unchar Address);              //读取DS1302指定地址中的数据
  24          void DS1302_SetProtect(bit Flag);             //DS1302是否写入保护
  25          void DS1302_SetTime(unchar Address, unchar Value);//设置时间函数
  26          void DS1302_GetTime(SYSTEMTIME *Time);        //读出时间
  27          void DateToStr(SYSTEMTIME *Time);             //日期转化成字符
  28          void TimeToStr(SYSTEMTIME *Time);             //时间转化成字符
  29          void DS1302_Initial (void);                   //DS1302初始化
  30          
  31          
  32          /*--------------------------------------------------------------*/
  33          //写入一个字节(内部函数)
  34          void DS1302_InputByte(unchar Data)  
  35          {
  36   1              unchar i;
  37   1              ACC = Data;
  38   1              for(i=8; i>0; i--)
  39   1              {       
  40   2                      DS1302_CLK = 0;         
  41   2                      DS1302_IO = ACC0;       //由低位到高位          
  42   2                      DS1302_CLK = 1;         //上升沿写入数据
  43   2                      ACC >>= 1;
  44   2              }
  45   1      }
  46          
  47          
  48          /*--------------------------------------------------------------*/
  49          //读取一个字节(内部函数)
  50          unchar DS1302_OutputByte(void)
  51          {
  52   1              unchar i;
  53   1              for(i=8; i>0; i--)
  54   1              {                       
  55   2                      DS1302_CLK = 0;      //下降沿读出DS1302的数据
C51 COMPILER V7.10   DS1302                                                                03/28/2010 12:46:57 PAGE 2   

  56   2                      ACC >>= 1;                       //读出由低到高位,只能移7次有效位!!!
  57   2                      ACC7 = DS1302_IO;        //第一个数据                                                                           
  58   2                      DS1302_CLK = 1;                                                         
  59   2              }                                                
  60   1              return (ACC);
  61   1      }
  62          
  63          
  64          /*--------------------------------------------------------------*/
  65          //在指定地址写入指定的数据
  66          void Write1302(unchar Address, unchar Data)
  67          {
  68   1              DS1302_RST = 0;
  69   1              DS1302_CLK = 0;
  70   1              DS1302_RST = 1; 
  71   1              DS1302_InputByte(Address);
  72   1              DS1302_InputByte(Data);
  73   1              DS1302_CLK = 1;
  74   1              DS1302_RST = 0;
  75   1      }
  76          
  77          
  78          /*--------------------------------------------------------------*/
  79          //读取1302指定地址中的数据
  80          unchar Read1302(unchar Address)
  81          {
  82   1              unchar Data;
  83   1              DS1302_RST = 0;
  84   1              DS1302_CLK = 0;
  85   1              DS1302_RST = 1;                            //RST拉高,启动数据传送
  86   1              DS1302_InputByte(Address|0x01);//读取指定地址数据指令
  87   1              Data = DS1302_OutputByte();
  88   1              DS1302_CLK = 1;
  89   1              DS1302_RST = 0;
  90   1              return (Data);
  91   1      }
  92          
  93          
  94          /*--------------------------------------------------------------*/
  95          //是否写入保护
  96          void DS1302_SetProtect(bit Flag)
  97          {
  98   1              if(Flag)
  99   1                      Write1302(0x8E,0x80);  //0x8e控制字节地址,bit7=WP WP=1 禁止数据写入DS1302
 100   1              else
 101   1                      Write1302(0x8E,0x00);  //WP=0 允许数据写入DS1302
 102   1      }
 103          
 104          
 105          /*--------------------------------------------------------------*/
 106          //设置时间函数
 107          void DS1302_SetTime(unchar Address, unchar Value)
 108          {
 109   1              DS1302_SetProtect(0);
 110   1              Write1302(Address,((Value/10)<<4|(Value%10)));
 111   1              DS1302_SetProtect(1);
 112   1              
 113   1      }
 114          
 115          
 116          /*--------------------------------------------------------------*/
 117          //读出时间
C51 COMPILER V7.10   DS1302                                                                03/28/2010 12:46:57 PAGE 3   

 118          void DS1302_GetTime(SYSTEMTIME *Time)
 119          {
 120   1              unchar ReadValue;
 121   1              ReadValue = Read1302(DS1302_SECOND);
 122   1              Time->Second = ((ReadValue&0x70)>>4)*10 + (ReadValue&0x0f);
 123   1              ReadValue = Read1302(DS1302_MINUTE);
 124   1              Time->Minute = ((ReadValue&0x70)>>4)*10 + (ReadValue&0x0f);
 125   1              ReadValue = Read1302(DS1302_HOUR);
 126   1              Time->Hour   = ((ReadValue&0x70)>>4)*10 + (ReadValue&0x0f);
 127   1              ReadValue = Read1302(DS1302_DAY);
 128   1              Time->Day    = ((ReadValue&0x70)>>4)*10 + (ReadValue&0x0f);
 129   1              ReadValue = Read1302(DS1302_WEEK);
 130   1              Time->Week   = ((ReadValue&0x70)>>4)*10 + (ReadValue&0x0f);
 131   1              ReadValue = Read1302(DS1302_MONTH);
 132   1              Time->Month  = ((ReadValue&0x70)>>4)*10 + (ReadValue&0x0f);
 133   1              ReadValue = Read1302(DS1302_YEAR);
 134   1              Time->Year   = ((ReadValue&0x70)>>4)*10 + (ReadValue&0x0f);
 135   1      }
 136          
 137          
 138          /*--------------------------------------------------------------*/
 139          //日期转化成字符
 140          void DateToStr(SYSTEMTIME *Time)
 141          {
 142   1              Time->DateString[0] = Time->Year/10 + '0';
 143   1              Time->DateString[1] = Time->Year%10 + '0';
 144   1              Time->DateString[2] = '-';
 145   1              Time->DateString[3] = Time->Month/10 + '0';
 146   1              Time->DateString[4] = Time->Month%10 + '0';
 147   1              Time->DateString[5] = '-';
 148   1              Time->DateString[6] = Time->Day/10 + '0';
 149   1              Time->DateString[7] = Time->Day%10 + '0';
 150   1              Time->DateString[8] = '\0';
 151   1      }
 152          
 153          
 154          /*--------------------------------------------------------------*/
 155          //时间转化成字符
 156          void TimeToStr(SYSTEMTIME *Time)
 157          {
 158   1              Time->TimeString[0] = Time->Hour/10 + '0';
 159   1              Time->TimeString[1] = Time->Hour%10 + '0';
 160   1              Time->TimeString[2] = ':';
 161   1              Time->TimeString[3] = Time->Minute/10 + '0';
 162   1              Time->TimeString[4] = Time->Minute%10 + '0';
 163   1              Time->TimeString[5] = ':';
 164   1              Time->TimeString[6] = Time->Second/10 + '0';
 165   1              Time->TimeString[7] = Time->Second%10 + '0';
 166   1              Time->TimeString[8] = '\0';
 167   1      }
 168          
 169          
 170          /*--------------------------------------------------------------*/
 171          //初始化DS1302
 172          void DS1302_Initial (void)
 173          {
 174   1              unchar Second=Read1302(DS1302_SECOND);
 175   1              if(Second&0x80)//bit7=CH CH=0 振荡器允许工作,CH=1振荡器停止工作
 176   1              DS1302_SetTime(DS1302_SECOND,0);
 177   1      
 178   1      }
 179          
C51 COMPILER V7.10   DS1302                                                                03/28/2010 12:46:57 PAGE 4   

 180          /*--------------------------------------------------------------*/
 181          //#endif 
 182          
 183          
 184          
 185                  


MODULE INFORMATION:   STATIC OVERLAYABLE
   CODE SIZE        =    589    ----
   CONSTANT SIZE    =   ----    ----
   XDATA SIZE       =   ----    ----
   PDATA SIZE       =   ----    ----
   DATA SIZE        =   ----    ----
   IDATA SIZE       =   ----    ----
   BIT SIZE         =   ----       1
END OF MODULE INFORMATION.


C51 COMPILATION COMPLETE.  0 WARNING(S),  0 ERROR(S)
