C51 COMPILER V7.10   LCD1602                                                               03/28/2010 12:46:57 PAGE 1   


C51 COMPILER V7.10, COMPILATION OF MODULE LCD1602
OBJECT MODULE PLACED IN LCD1602.OBJ
COMPILER INVOKED BY: C:\Keil\C51\BIN\C51.EXE LCD1602.c BROWSE DEBUG OBJECTEXTEND

line level    source

   1          # include "SYSTEM.H"                                                                                                     /*--------------------------------------------------------------*/
   2          
   3          /*--------------------------------------------------------------*/
   4          //#ifndef __LCD1602_8_H__
   5          //#define __LCD1602_8_H__
   6          
   7          
   8          
   9          /*--------------------------------------------------------------*/
  10          //LCD接口定义                                   
  11          sfr              io     = 0x80;                         //P0-0x80,P1-0x90,P2-0xA0,P3-0xB0;
  12          sbit     rs = P2^6;                             //LCD数据/命令选择端(H/L)
  13          sbit     rw = P2^5;                             //LCD读/写选择端(H/L)
  14          sbit     ep = P2^7;                             //LCD使能控制
  15          sbit     bz = io^7;                             //LCD忙标志位
  16          
  17          
  18          /*--------------------------------------------------------------*/
  19          //函数声明              
  20          void lcd_busy(void);                                    //测试LCD忙碌状态程序
  21          void lcd_wcmd(unsigned char cmd);               //写入指令到LCD程序
  22          void lcd_wdat(unsigned char dat);               //写入数据到LCD程序
  23          void lcd_pos (unsigned char x, bit y);  //LCD数据指针位置程序
  24          void lcd_sef_chr();
  25          //void printc(unsigned char CHAR);              //显示字符
  26          
  27          void lcd_init(void);                                    //LCD初始化设定程序
  28          
  29          
  30          /*--------------------------------------------------------------*/
  31          //测试LCD忙碌状态
  32          void lcd_busy(void)
  33          {       
  34   1              do{
  35   2                      ep = 0;
  36   2                      rs = 0;         //指令
  37   2                      rw = 1;         //读出
  38   2                      io = 0xff;
  39   2                      ep = 1;
  40   2                      _nop_();        //高电平读出    1us     
  41   2              }while(bz);             //bz=1表示忙,bz=0表示空闲
  42   1              ep = 0;         
  43   1      }
  44          
  45          
  46          /*--------------------------------------------------------------*/
  47          //写入指令到LCD
  48          void lcd_wcmd(unsigned char cmd)
  49          {                                                       
  50   1              lcd_busy();     //检测忙
  51   1              rs = 0;         //指令
  52   1              rw = 0;         //写入
  53   1              ep = 1; 
  54   1              io = cmd;       //指令
  55   1              ep = 0;         //下降沿有效    
C51 COMPILER V7.10   LCD1602                                                               03/28/2010 12:46:57 PAGE 2   

  56   1      }
  57          
  58          
  59          /*--------------------------------------------------------------*/
  60          //写入数据函数
  61          void lcd_wdat(unsigned char Data)
  62          {
  63   1              lcd_busy();  //检测忙
  64   1              rs = 1;          //数据
  65   1              rw = 0;          //写入
  66   1              ep = 1;
  67   1              io = Data;       //数据
  68   1              ep = 0;          //下降沿有效
  69   1      }
  70          
  71          
  72          /*--------------------------------------------------------------*/
  73          //LCD数据指针位置程序
  74          void lcd_pos(unsigned char x, bit y)
  75          {                                               
  76   1              if(y)lcd_wcmd(x|0xc0);  //y=1,第二行显示;y=0,第一行显示         0<=x<16
  77   1              else lcd_wcmd(x|0x80);  //数据指针=80+地址码(00H~27H,40H~67H)
  78   1                      
  79   1      }
  80          
  81          
  82          /*--------------------------------------------------------------*/
  83          //显示字符
  84          /*
  85          void printc(unsigned char CHAR)
  86          {
  87                  lcd_wdat(CHAR);
  88          }
  89          */
  90          
  91          
  92          /*--------------------------------------------------------------*/
  93          //显示字符串
  94          void prints(unsigned char *string)
  95          {
  96   1              /*unsigned char i;
  97   1              //do{lcd_wdat(string[i]);i++;}while(string[i]!='\0');//生成代码比for循环大
  98   1              for(i=0;string[i]!='\0';i++)lcd_wdat(string[i]);         //有时用for循环也好哈*/
  99   1      
 100   1              while(*string) {lcd_wdat(*string);string++;}
 101   1      
 102   1      }
 103          
 104           
 105          
 106          
 107          /*--------------------------------------------------------------*/
 108          //LCD初始化设定
 109          void lcd_init()
 110          {                                               
 111   1              lcd_wcmd(0x38);         //设置LCD为16X2显示,5X7点阵,八位数据接口
 112   1              lcd_wcmd(0x06);         //LCD显示光标移动设置(光标地址指针加1,整屏显示不移动)
 113   1              lcd_wcmd(0x0c);         //LCD开显示及光标设置(光标不闪烁,不显示"_")
 114   1              lcd_wcmd(0x01);         //清除LCD的显示内容
 115   1      
 116   1      
 117   1              
C51 COMPILER V7.10   LCD1602                                                               03/28/2010 12:46:57 PAGE 3   

 118   1      
 119   1      
 120   1      }
 121          
 122          
 123          /*--------------------------------------------------------------*/
 124          //#endif


MODULE INFORMATION:   STATIC OVERLAYABLE
   CODE SIZE        =    102    ----
   CONSTANT SIZE    =   ----    ----
   XDATA SIZE       =   ----    ----
   PDATA SIZE       =   ----    ----
   DATA SIZE        =   ----    ----
   IDATA SIZE       =   ----    ----
   BIT SIZE         =   ----       1
END OF MODULE INFORMATION.


C51 COMPILATION COMPLETE.  0 WARNING(S),  0 ERROR(S)
