C51 COMPILER V7.10   LED_595                                                               02/15/2010 14:54:24 PAGE 1   


C51 COMPILER V7.10, COMPILATION OF MODULE LED_595
OBJECT MODULE PLACED IN LED_595.OBJ
COMPILER INVOKED BY: C:\Program Files\Keil\C51\BIN\C51.EXE LED_595.C BROWSE DEBUG OBJECTEXTEND

line level    source

   1          /************************************************************************************
   2          *  标题:          试验74HC595驱动8位LED灯（C语言）                                  *
   3          *                                                                                                                                                               *
   4          *   连接方法：JP12用条线冒短接  JP1(LED灯接口)和JP2(595接口) 用8PIN排线连接             *                                                                                                          *
   5          ********************************************************************************        *
   6          *通过本例程了解 74HC595（串入并出）基本原理和使用                                           *
   7          *3个I/O扩展8个输出，通过片选可以串接更多74HC595芯片，得到更多的输出数               *
   8          * 请学员认真消化本例程，懂74C595在C语言中的操作                                                                         *
   9          *此汇编程序留给大家做为课后作业自己完成。关于HC595汇编驱动参考“静态显示(74HC595驱动)”。
  10          *************************************************************************************/
  11          
  12          
  13          #include <reg51.h> 
  14          #include <intrins.h>
  15          #define  NOP() _nop_()  /* 定义空指令 */
  16          
  17          //SPI IO
  18          sbit MOSIO =P3^4;
  19          sbit R_CLK =P3^5;
  20          sbit S_CLK =P3^6;
  21          
  22          
  23          void delay(unsigned int i);      //函数声名
  24          void HC595SendData(unsigned char SendVal);
  25           
  26          
  27          main()
  28          {  unsigned char Led=0xfe;       //1111 1110
  29   1         HC595SendData(0xff);     //初始化595使他为高电平 让LED处于熄灭状态
  30   1         
  31   1        while(1)
  32   1        {      
  33   2                      
  34   2                  HC595SendData(Led); //调用595驱动程序 把LED的数据送到595
  35   2                      Led<<=1;
  36   2                      Led     = Led| 0x01;  //移位后，后面的位为高电平;
  37   2                  if (Led == 0xff ) Led=0xfe;  //1111 1110
  38   2                                      
  39   2                               
  40   2                      delay(200);
  41   2               
  42   2        }   
  43   1      }       
  44          /*****************************************************************************
  45          *  延时子程序                                                                                                                        *
  46          *                                                                                                                                                        *
  47          ******************************************************************************/
  48          void delay(unsigned int i)
  49          {
  50   1          unsigned int j;
  51   1          for(i; i > 0; i--)
  52   1              for(j = 300; j > 0; j--);
  53   1      }
  54          
  55          
C51 COMPILER V7.10   LED_595                                                               02/15/2010 14:54:24 PAGE 2   

  56          /*********************************************************************************************************
  57          ** 函数名称: HC595SendData
  58          ** 功能描述: 向SPI总线发送数据
  59          *********************************************************************************************************/
  60          void HC595SendData(unsigned char SendVal)
  61          {  
  62   1        unsigned char i;
  63   1                      
  64   1        for(i=0;i<8;i++) 
  65   1         {
  66   2              if((SendVal<<i)&0x80) MOSIO=1; //set dataline high  0X80  最高位与SendVal左移的最高位 进行逻辑运算
  67   2              else MOSIO=0;                              // 如果为真 MOSIO = 1  
  68   2       
  69   2              S_CLK=0;
  70   2              NOP();  //产生方形波
  71   2              NOP();
  72   2              S_CLK=1;        
  73   2         }
  74   1         
  75   1              
  76   1        R_CLK=0; //set dataline low
  77   1        NOP();   //产生方形波
  78   1        NOP();
  79   1        R_CLK=1; //片选
  80   1      
  81   1      }
  82          


MODULE INFORMATION:   STATIC OVERLAYABLE
   CODE SIZE        =    107    ----
   CONSTANT SIZE    =   ----    ----
   XDATA SIZE       =   ----    ----
   PDATA SIZE       =   ----    ----
   DATA SIZE        =   ----       1
   IDATA SIZE       =   ----    ----
   BIT SIZE         =   ----    ----
END OF MODULE INFORMATION.


C51 COMPILATION COMPLETE.  0 WARNING(S),  0 ERROR(S)
