C51 COMPILER V7.10   TIMEER0                                                               08/24/2010 15:46:56 PAGE 1   


C51 COMPILER V7.10, COMPILATION OF MODULE TIMEER0
OBJECT MODULE PLACED IN TIMEER0.OBJ
COMPILER INVOKED BY: C:\Keil\C51\BIN\C51.EXE TIMEER0.C BROWSE DEBUG OBJECTEXTEND

line level    source

   1          /*******************************************************************************
   2          *  标题:                  试验数码管上显示定时器中断计数                       *
   3          *                                                                                                                                                          *
   4          *  连接方法：JP10 （P0）与J12    用8PIN排线连接                                *
   5          ********************************************************************************
   6          *                                                                                                                      *
   7          * 请学员认真消化本例程，用单片机脚直接控制数码管和定时器中断使用               *
   8          ********************************************************************************/
   9          
  10          #include < reg51.h >
  11          #include <intrins.h>
  12          
  13          sbit LS138A=P2^2;  //定义 138管脚
  14          sbit LS138B=P2^3;
  15          sbit LS138C=P2^4; 
  16          
  17          
  18          unsigned int LedNumVal,LedOut[8];
  19          
  20          // 此表为 LED 的字模            // 0    1    2    3    4    5    6   7    8    9    A    b    c    d    E 
             -   -    L   P    U    Hidden  _ (20)
  21          unsigned char code Disp_Tab[] = { ~0xC0,~0xF9,~0xA4,~0xB0,~0x99,~0x92,~0x82,~0xF8,~0x80,~0x90,~0x88,~0x83,
             -~0xC6,~0xA1,~0x86,~0xbf,~0xc7,~0x8c,~0xc1, ~0xff,  ~0xf7 }; 
  22          
  23          
  24          /***********************************************************
  25          purpose: 系统初始化
  26          /**********************************************************/
  27          void system_Ini()
  28          {
  29   1          TMOD|= 0x11;
  30   1          TH1=0x1C;   //12.000M
  31   1          TL1=0x18;   
  32   1              IE = 0x8A;      
  33   1          TR1  = 1;
  34   1      
  35   1      
  36   1      }
  37          
  38          void delay(unsigned int i)
  39          {
  40   1          char j;
  41   1          for(i; i > 0; i--)
  42   1              for(j = 200; j > 0; j--);
  43   1      }
  44          
  45          
  46          /********主函数****/
  47          main()
  48          { 
  49   1         system_Ini() ;
  50   1       
  51   1       
  52   1         while(1)
  53   1         {
C51 COMPILER V7.10   TIMEER0                                                               08/24/2010 15:46:56 PAGE 2   

  54   2        
  55   2         unsigned char i;
  56   2      
  57   2           LedOut[0]=Disp_Tab[LedNumVal%10000/1000];
  58   2           LedOut[1]=Disp_Tab[LedNumVal%1000/100]&0x7f;
  59   2           LedOut[2]=Disp_Tab[LedNumVal%100/10];
  60   2           LedOut[3]=Disp_Tab[LedNumVal%10];
  61   2      
  62   2      
  63   2               for( i=0; i<8; i++) 
  64   2               {       P0 = LedOut[i];
  65   3                              
  66   3                switch(i)                                       
  67   3                   {      
  68   4                              case 0:LS138A=0; LS138B=0; LS138C=0; break;         
  69   4                      case 1:LS138A=1; LS138B=0; LS138C=0; break;                     
  70   4                      case 2:LS138A=0; LS138B=1; LS138C=0; break; 
  71   4                      case 3:LS138A=1; LS138B=1; LS138C=0; break; 
  72   4                              case 4:LS138A=0; LS138B=0; LS138C=1; break;
  73   4                              case 5:LS138A=1; LS138B=0; LS138C=1; break;
  74   4                              case 6:LS138A=0; LS138B=1; LS138C=1; break;
  75   4                              case 7:LS138A=1; LS138B=1; LS138C=1; break;
  76   4                              
  77   4                   }
  78   3      
  79   3                      delay(150);
  80   3               }
  81   2      
  82   2       
  83   2      
  84   2        }
  85   1      
  86   1       }
  87          
  88           
  89          
  90           /*************************************
  91           [ t1 (1ms)中断] 中断
  92          
  93          *************************************/
  94          void T1zd(void) interrupt 3      //3定时器1的中断号  1定时器0的中断号 0外部中断1 2外部中断2  4串口中断
  95          {
  96   1               TH1 = 0x1c;    //12.000
  97   1               TL1 = 0x18;
  98   1      
  99   1               LedNumVal++;
 100   1         
 101   1        
 102   1         
 103   1      
 104   1      }


MODULE INFORMATION:   STATIC OVERLAYABLE
   CODE SIZE        =    337    ----
   CONSTANT SIZE    =     21    ----
   XDATA SIZE       =   ----    ----
   PDATA SIZE       =   ----    ----
   DATA SIZE        =     18       1
   IDATA SIZE       =   ----    ----
   BIT SIZE         =   ----    ----
END OF MODULE INFORMATION.

C51 COMPILER V7.10   TIMEER0                                                               08/24/2010 15:46:56 PAGE 3   


C51 COMPILATION COMPLETE.  0 WARNING(S),  0 ERROR(S)
