C51 COMPILER V7.50   SHIZHONG                                                              10/29/2010 19:38:10 PAGE 1   


C51 COMPILER V7.50, COMPILATION OF MODULE SHIZHONG
OBJECT MODULE PLACED IN shizhong.OBJ
COMPILER INVOKED BY: D:\Keil\C51\BIN\C51.EXE shizhong.c BROWSE DEBUG OBJECTEXTEND

line level    source

   1          #include "reg51.h"
   2          #define uchar unsigned char
   3          sbit RW=P2^5;
   4          sbit RS=P2^6;
   5          sbit E=P2^7;
   6          bit at=0;
   7          //sbit busy_bit=P1^7;
   8          uchar code text[]={"  William Test  "};
   9          uchar code shen[]={"CLOCK!"};
  10          uchar code word[]={0x30,0x31,0x32,0x33,0x34,0x35,0x36,0x37,0x38,0x39,0x3a,0x20};
  11          uchar dispbuf[8],h,m,s,counter;
  12          
  13           
  14          
  15          void delay()
  16          {
  17   1        uchar i;
  18   1       for(i=0;i<255;i++);
  19   1      }
  20          
  21           
  22          
  23          /*******写命令**********/
  24          void lcd_wmc(uchar i)
  25          {
  26   1      
  27   1        P0=i;
  28   1        RS=0;
  29   1        RW=0;
  30   1        E=0;
  31   1        delay();
  32   1        E=1;
  33   1      }
  34          
  35           
  36          
  37          /*******写数据***********/
  38          
  39          void lcd_wmd(uchar i)
  40          {
  41   1      
  42   1        P0=i;
  43   1        RS=1;
  44   1        RW=0;
  45   1        E=0;
  46   1        delay();
  47   1        E=1;
  48   1      }
  49          
  50           
  51          
  52          
  53          /*******初始化液晶*******/
  54          void lcd_init()
  55          {
C51 COMPILER V7.50   SHIZHONG                                                              10/29/2010 19:38:10 PAGE 2   

  56   1        uchar i;
  57   1        lcd_wmc(0x01);
  58   1        lcd_wmc(0x38);
  59   1        lcd_wmc(0x0c);
  60   1        lcd_wmc(0x06);
  61   1        lcd_wmc(0xc9);
  62   1        for(i=0;i<6;i++)
  63   1        lcd_wmd(shen[i]);
  64   1        lcd_wmc(0x80);
  65   1        for(i=0;i<16;i++)
  66   1        lcd_wmd(text[i]);
  67   1        lcd_wmc(0xc0);
  68   1      }
  69          
  70           
  71          
  72           
  73          
  74          /*******更新缓冲区子程序*******/
  75          void newbuf()
  76          {
  77   1       dispbuf[0]=s%10;
  78   1       dispbuf[1]=s/10;
  79   1       dispbuf[3]=m%10;
  80   1       dispbuf[4]=m/10;
  81   1       dispbuf[6]=h%10;
  82   1       dispbuf[7]=h/10;
  83   1      }
  84          
  85           
  86          
  87          /*******显示子程序**********/
  88          void disp(uchar dispadd)
  89          {
  90   1         uchar tmp;
  91   1         lcd_wmc(dispadd);
  92   1         tmp=dispbuf[7];
  93   1         tmp=word[tmp];
  94   1         lcd_wmd(tmp);
  95   1         tmp=dispbuf[6];
  96   1         tmp=word[tmp];
  97   1         lcd_wmd(tmp);
  98   1         tmp=dispbuf[5];
  99   1         tmp=word[tmp];
 100   1         lcd_wmd(tmp);
 101   1         tmp=dispbuf[4];
 102   1         tmp=word[tmp];
 103   1         lcd_wmd(tmp);
 104   1         tmp=dispbuf[3];
 105   1         tmp=word[tmp];
 106   1         lcd_wmd(tmp);
 107   1         tmp=dispbuf[2];
 108   1         tmp=word[tmp];
 109   1         lcd_wmd(tmp);
 110   1         tmp=dispbuf[1];
 111   1         tmp=word[tmp];
 112   1         lcd_wmd(tmp);
 113   1         tmp=dispbuf[0];
 114   1         tmp=word[tmp];
 115   1         lcd_wmd(tmp); 
 116   1      }
 117          
C51 COMPILER V7.50   SHIZHONG                                                              10/29/2010 19:38:10 PAGE 3   

 118           
 119          
 120           
 121          
 122          /*********************键盘子程序***********************/
 123          
 124          uchar keypro(void)
 125          {
 126   1        uchar scanl,scanh;
 127   1        P1=0xf0;
 128   1        if((P3&0xf0)!=0xf0)
 129   1        {
 130   2          delay();
 131   2          if((P1&0xf0)!=0xf0)
 132   2          {
 133   3            scanl=0xfe;
 134   3            while((scanl&0x10)!=0)
 135   3            {
 136   4              P1=scanl;
 137   4              if((P3&0xf0)!=0xf0)
 138   4              {
 139   5                scanh=(P1&0xf0)|0x0f;
 140   5                return (~scanh)+(~scanl);
 141   5               }
 142   4              else scanl=(scanl<<1)|0x01;
 143   4            }
 144   3          } 
 145   2        } 
 146   1        return 0;
 147   1      }
 148          
 149          
 150          /********************时间调整子程序********************/
 151          void adjustime()
 152          {
 153   1        uchar k;
 154   1        static uchar add;
 155   1        k=keypro();
 156   1        switch(k)
 157   1        {
 158   2         case 0x88: if(!at){add=0xc1;EA=0;lcd_wmc(0xc1);lcd_wmc(0x0f);at=1;}
 159   2                     else {lcd_wmc(0xc0);lcd_wmc(0x0c);at=0;EA=1;} break;
 160   2      
 161   2         case 0x48:  if(at)
 162   2                   {
 163   3             if(add==0xc1){add=0xc7; lcd_wmc(add);}
 164   3                       else {add=add-3;lcd_wmc(add);}
 165   3                     }
 166   2               break;
 167   2        
 168   2        case 0x28:  if(at)
 169   2                   {
 170   3                     if(add==0xc7) {add=0xc1;lcd_wmc(add);}
 171   3                       else {add=add+3;lcd_wmc(add);}
 172   3                 }
 173   2             break;
 174   2      
 175   2         case 0x18: if(at)
 176   2                  {
 177   3                    if(add==0xc1) h++;
 178   3                      if(h==24)
 179   3                h=0;
C51 COMPILER V7.50   SHIZHONG                                                              10/29/2010 19:38:10 PAGE 4   

 180   3                      if(add==0xc4) m++;
 181   3               if(m==60)
 182   3                 m=0;
 183   3                      if(add==0xc7) s++;
 184   3                if(s==60)
 185   3                 s=0;
 186   3                 newbuf();
 187   3            disp(0xc0);
 188   3            lcd_wmc(add);
 189   3                    }
 190   2                     break;
 191   2        default: break;
 192   2        }
 193   1        if(k!=0)
 194   1         {
 195   2        while((P3&0xf0)!=0xf0)
 196   2        P1=0xf0;
 197   2       }
 198   1      
 199   1      }
 200          
 201           
 202          
 203           
 204          
 205           
 206          
 207          /*********************初始化子程序**********************/
 208          void init()
 209          {
 210   1      
 211   1        TMOD=0x01;
 212   1        TH0=0x4c;
 213   1        TL0=0x00;
 214   1        EA=1;
 215   1        ET0=1;
 216   1        TR0=1;
 217   1        counter=0;
 218   1        h=12;m=0;s=0;
 219   1        dispbuf[2]=10;
 220   1        dispbuf[5]=10;
 221   1      }
 222          
 223           
 224          
 225           
 226          
 227           
 228          
 229          /***************************主程序************************/
 230          
 231          void main(void)
 232          { 
 233   1        init();
 234   1        lcd_init();
 235   1      
 236   1        while(1)
 237   1        {
 238   2         adjustime();
 239   2         if(!at)
 240   2       {
 241   3           //闪烁
C51 COMPILER V7.50   SHIZHONG                                                              10/29/2010 19:38:10 PAGE 5   

 242   3            if(counter<10)        
 243   3            {
 244   4             dispbuf[2]=10;
 245   4             dispbuf[5]=10;
 246   4            }
 247   3            else
 248   3            {            
 249   4             dispbuf[2]=11;
 250   4             dispbuf[5]=11;
 251   4            }
 252   3            //更新显示缓冲区及调用显示程序
 253   3            if(counter==0)
 254   3            {
 255   4             newbuf();
 256   4             disp(0xc0);
 257   4             }
 258   3            else if(counter==10)
 259   3            disp(0xc0);  
 260   3          }
 261   2         }
 262   1      }
 263          
 264           
 265          
 266           
 267          
 268           
 269          
 270          
 271          /*************************定时器0的中断**********************/
 272          void Time0() interrupt 1 using 2    //再次强调中断子程序执行时间越短越好
 273          {
 274   1        TH0=(65536-46075)/256;
 275   1        TL0=(65536-46075)%256;
 276   1        counter++;
 277   1        if(counter==20)
 278   1        {
 279   2          s++;
 280   2        counter=0;
 281   2        if(s==60)
 282   2        { 
 283   3          m++;
 284   3          s=0;
 285   3            if(m==60)
 286   3          {
 287   4            h++;
 288   4          m=0;
 289   4          if(h==24)
 290   4           h=0;
 291   4               }
 292   3             }
 293   2      
 294   2        }
 295   1      }
 296          
 297          


MODULE INFORMATION:   STATIC OVERLAYABLE
   CODE SIZE        =    608    ----
   CONSTANT SIZE    =     36    ----
   XDATA SIZE       =   ----    ----
C51 COMPILER V7.50   SHIZHONG                                                              10/29/2010 19:38:10 PAGE 6   

   PDATA SIZE       =   ----    ----
   DATA SIZE        =     13    ----
   IDATA SIZE       =   ----    ----
   BIT SIZE         =      1    ----
END OF MODULE INFORMATION.


C51 COMPILATION COMPLETE.  0 WARNING(S),  0 ERROR(S)
