C51 COMPILER V7.10   LED_点阵                                                              11/26/2009 09:49:45 PAGE 1   


C51 COMPILER V7.10, COMPILATION OF MODULE LED_点阵
OBJECT MODULE PLACED IN LED_点阵.OBJ
COMPILER INVOKED BY: C:\Keil\C51\BIN\C51.EXE LED_点阵.c BROWSE DEBUG OBJECTEXTEND

line level    source

   1          /*****************************************************************************************
   2          *                                                                                                                                                        *
   3          *                        LED点阵实验 (左右上下流动显示)                                                                  *
   4          *       说明 通过P0 和 P2 作为点阵接口                                                                                   *
   5          *要求学员掌握 LED点阵的工作原理和 各点阵脚的定义及接法，具体接线请参考接线说明               *
   6          *我们采用的LED点阵式是低功耗，在做实验时可以用单片机脚直接驱动                           *
   7          ******************************************************************************************/
   8          
   9          #include <REG51.H>
  10          
  11          unsigned char code taba[]={0xfe,0xfd,0xfb,0xf7,0xef,0xdf,0xbf,0x7f};
  12          unsigned char code tabb[]={0x01,0x02,0x04,0x08,0x10,0x20,0x40,0x80};
  13          
  14          /*void delay(void)
  15          {
  16          unsigned char i,j;
  17          
  18          for(i=10;i>0;i--)
  19          for(j=248;j>0;j--);
  20          }*/
  21          
  22          void delay1(void)
  23          {
  24   1      unsigned char i,j,k;
  25   1      
  26   1      for(k=10;k>0;k--)
  27   1      for(i=20;i>0;i--)
  28   1      for(j=248;j>0;j--);
  29   1      
  30   1      }
  31          
  32          void main(void)
  33          {
  34   1      unsigned char i,j;
  35   1      
  36   1      while(1)
  37   1      {
  38   2      for(j=0;j<3;j++)//　　//from left to right 3 time
  39   2      {
  40   3      for(i=0;i<8;i++)
  41   3      {
  42   4      P2=taba[i];
  43   4      P0=0xff;
  44   4      delay1();
  45   4      }
  46   3      }
  47   2      
  48   2      for(j=0;j<3;j++)//　　//from right to left 3 time
  49   2      {
  50   3      for(i=0;i<8;i++)
  51   3      {
  52   4      P2=taba[7-i];
  53   4      P0=0xff;
  54   4      delay1();
  55   4      }
C51 COMPILER V7.10   LED_点阵                                                              11/26/2009 09:49:45 PAGE 2   

  56   3      }
  57   2      
  58   2      for(j=0;j<3;j++)//　　//from top to bottom 3 time
  59   2      {
  60   3      for(i=0;i<8;i++)
  61   3      {
  62   4      P2=0x00;
  63   4      P0=tabb[7-i];
  64   4      
  65   4      delay1();
  66   4      }
  67   3      }
  68   2      
  69   2      for(j=0;j<3;j++)//　　//from bottom to top 3 time
  70   2      {
  71   3      for(i=0;i<8;i++)
  72   3      {
  73   4      P2=0x00;
  74   4      P0=tabb[i];
  75   4      
  76   4      delay1();
  77   4      }
  78   3      }
  79   2      }
  80   1      }
  81          


MODULE INFORMATION:   STATIC OVERLAYABLE
   CODE SIZE        =    148    ----
   CONSTANT SIZE    =     16    ----
   XDATA SIZE       =   ----    ----
   PDATA SIZE       =   ----    ----
   DATA SIZE        =   ----    ----
   IDATA SIZE       =   ----    ----
   BIT SIZE         =   ----    ----
END OF MODULE INFORMATION.


C51 COMPILATION COMPLETE.  0 WARNING(S),  0 ERROR(S)
