C51 COMPILER V7.10   LED                                                                   02/15/2010 14:55:24 PAGE 1   


C51 COMPILER V7.10, COMPILATION OF MODULE LED
OBJECT MODULE PLACED IN led.OBJ
COMPILER INVOKED BY: C:\Program Files\Keil\C51\BIN\C51.EXE led.c BROWSE DEBUG OBJECTEXTEND

line level    source

   1          /*******************************************************************************
   2          *  标题:                  试验74HC595驱动数码管上显示数字（C语言）             *
   3          *                                                                                                                                                          *
   4          *   连接方法：JP12用条线冒短接  JP3和JP2 用8PIN排线连接                                        *                                                                                                           *
   5          ********************************************************************************
   6          * 通过本例程了解 74HC595（串入并出）基本原理和使用                                 *
   7          *                                                                                                                      *
   8          * 请学员认真消化本例程，懂74C595在C语言中的操作                                *
   9          ********************************************************************************/
  10          
  11          
  12          #include <reg51.h> 
  13          #include <intrins.h>
  14          #define  NOP() _nop_()  /* 定义空指令 */
  15          
  16          //SPI IO
  17          sbit MOSIO =P3^4;
  18          sbit R_CLK =P3^5;
  19          sbit S_CLK =P3^6;
  20          
  21          
  22          
  23          void delay(unsigned int i);      //函数声名
  24          void HC595SendData(unsigned char SendVal);
  25           
  26          // 此表为 LED 的字模            // 0    1    2    3    4    5    6   7    8    9    A    b    c    d    E 
             -   -    L   P    U    Hidden  _ (20)
  27          unsigned char code Disp_Tab[] = { 0xC0,0xF9,0xA4,0xB0,0x99,0x92,0x82,0xF8,0x80,0x90,0x88,0x83,0xC6,0xA1,0x
             -86,0xbf,0xc7,0x8c,0xc1, 0xff,  0xf7 }; 
  28          unsigned char code LED7Code[] = {~0x3F,~0x06,~0x5B,~0x4F,~0x66,~0x6D,~0x7D,~0x07,~0x7F,~0x6F,~0x77,~0x7C,~
             -0x39,~0x5E,~0x79,~0x71};
  29          
  30           
  31          main()
  32          {  unsigned char  HC595SendVal;
  33   1         unsigned int LedNumVal=1;
  34   1         
  35   1        while(1)
  36   1        {      
  37   2                      LedNumVal++;
  38   2                      HC595SendVal = LED7Code[LedNumVal%16];     //LED7;      显示0-F  LedNumVal%10 显示0-9
  39   2                  HC595SendData(HC595SendVal);        
  40   2                               
  41   2                      delay(200);
  42   2               
  43   2        }   
  44   1      }       
  45          
  46          void delay(unsigned int i)
  47          {
  48   1          unsigned int j;
  49   1          for(i; i > 0; i--)
  50   1              for(j = 300; j > 0; j--);
  51   1      }
  52          
C51 COMPILER V7.10   LED                                                                   02/15/2010 14:55:24 PAGE 2   

  53          
  54          /*********************************************************************************************************
  55          ** 函数名称: HC595SendData
  56          ** 功能描述: 向SPI总线发送数据
  57          *********************************************************************************************************/
  58          void HC595SendData(unsigned char SendVal)
  59          {  
  60   1        unsigned char i;
  61   1                      
  62   1        for(i=0;i<8;i++) 
  63   1         {
  64   2              if((SendVal<<i)&0x80) MOSIO=1; //set dataline high  0X80  最高位与SendVal左移的最高位 进行逻辑运算
  65   2              else MOSIO=0;                              // 如果为真 MOSIO = 1  
  66   2       
  67   2              S_CLK=0;
  68   2              NOP();
  69   2              NOP();
  70   2              S_CLK=1;        
  71   2         }
  72   1         
  73   1              
  74   1        R_CLK=0; //set dataline low
  75   1        NOP();
  76   1        NOP();
  77   1        R_CLK=1; //片选
  78   1      
  79   1      }
  80          


MODULE INFORMATION:   STATIC OVERLAYABLE
   CODE SIZE        =    112    ----
   CONSTANT SIZE    =     37    ----
   XDATA SIZE       =   ----    ----
   PDATA SIZE       =   ----    ----
   DATA SIZE        =   ----       3
   IDATA SIZE       =   ----    ----
   BIT SIZE         =   ----    ----
END OF MODULE INFORMATION.


C51 COMPILATION COMPLETE.  0 WARNING(S),  0 ERROR(S)
