A51 MACRO ASSEMBLER  GDLCD                                                                03/29/2009 20:14:38 PAGE     1


MACRO ASSEMBLER A51 V7.09
OBJECT MODULE PLACED IN gdLCD.OBJ
ASSEMBLER INVOKED BY: C:\Keil\C51\BIN\A51.EXE gdLCD.asm SET(SMALL) DEBUG EP

LOC  OBJ            LINE     SOURCE

                       1     ;/********************************************************************************
                       2     
                       3     ;*  描述:                LCD1602 滚动显示                                       *
                       4     ;* 显示方式：                                                                   *
                       5     ;* 1、从左到右逐字显示，闪动二次，清屏。                                        *
                       6     ;* 2、再从右到左逐字显示，闪动二次，清屏。                                      *
                       7     ;* 3、周期性地重复上述显示方式。                                                *          
                                               
                       8     ;********************************************************************************/
                       9                                                                              
  00A6                10               LCD_RS   EQU  P2.6     
  00A5                11               LCD_RW   EQU  P2.5                                              
  00A7                12               LCD_EN   EQU  P2.7                                             
                      13                                                                              
                      14     ;*******************************************************************     
                      15                                                                              
0000                  16               ORG  0000H                                                     
0000 0130             17               AJMP MAIN                                                      
0030                  18               ORG  0030H                                                     
                      19                                                                              
                      20     ;*******************************************************************     
0030                  21     MAIN:                                                                    
0030 758160           22               MOV  SP,#60H                                                   
0033 7C02             23               MOV  R4,#02H               ;设置闪烁次数                       
0035 1165             24               ACALL  LCD_INIT                                                
0037                  25     MAIN1:                                                                   
0037 118E             26               ACALL LCDSET1                                                  
0039 90012F           27               MOV  DPTR,#CHAR1                                               
003C 11C5             28               ACALL WRITE1              ;显示“WELCOME TO”                  
003E 74C0             29               MOV  A,#0C0H              ;显示第二行左边第一位位置            
0040 11B4             30               ACALL  LCD_CMD                                                 
0042 90013F           31               MOV  DPTR,#CHAR2      ;显示             
0045 11C5             32               ACALL  WRITE1                                                  
0047 3110             33               ACALL DELAY4              ;延时                                
0049 3110             34               ACALL DELAY4                                                   
004B 11F6             35               ACALL SHAN                  ;闪烁两次                          
                      36                                                                              
004D 11A1             37               ACALL LCDSET2                                                  
004F 900150           38               MOV  DPTR,#CHAR3      ;显示“WELCOME TO”                      
0052 11C5             39               ACALL WRITE1                                                   
0054 74CF             40               MOV  A,#0CFH              ;显示第二行右边第一位位置            
0056 11B4             41               ACALL  LCD_CMD                                                 
0058 900160           42               MOV  DPTR,#CHAR4      ;显示WWW.PRECHIN.COM 
005B 11C5             43               ACALL  WRITE1                                                  
005D 3110             44               ACALL DELAY4              ;延时                                
005F 3110             45               ACALL DELAY4                                                   
0061 11F6             46               ACALL SHAN                 ;闪烁两次                           
0063 1137             47               ACALL  MAIN1                                                   
                      48                                                                              
                      49     ;***************************************************************         
                      50     ;LCD初始化设定子程序                                                     
                      51     ;***************************************************************         
0065                  52      LCD_INIT:                                                               
0065 311D             53               ACALL DELAY5MS            ;延时15MS                            
0067 311D             54               ACALL DELAY5MS            ;等待LCD电源稳定                     
0069 311D             55               ACALL DELAY5MS                                                 
                      56                                                                              
006B 7438             57               MOV A,#38H                   ;16*2显示，5*7点阵，8位数据       
A51 MACRO ASSEMBLER  GDLCD                                                                03/29/2009 20:14:38 PAGE     2

006D 11B6             58               ACALL LCD_CMD_NC      ;不进行LCD忙检测                         
006F 311D             59               ACALL DELAY5MS                                                 
                      60                                                                              
0071 7438             61               MOV A,#38H                   ;16*2显示，5*7点阵，8位数据       
0073 11B6             62               ACALL LCD_CMD_NC      ;不进行LCD忙检测                         
0075 311D             63               ACALL DELAY5MS                                                 
                      64                                                                              
0077 7438             65               MOV A,#38H                   ;16*2显示，5*7点阵，8位数据       
0079 11B6             66               ACALL LCD_CMD_NC      ;不进行LCD忙检测                         
007B 311D             67               ACALL DELAY5MS                                                 
                      68                                                                              
007D 7408             69               MOV  A,#08H                  ;显示关                           
007F 11B4             70               ACALL LCD_CMD             ;进行LCD忙检测                       
                      71                                                                              
0081 7401             72               MOV A,#01H                   ;清除屏幕                         
0083 11B4             73               ACALL LCD_CMD            ;进行LCD忙检测                        
                      74                                                                              
0085 7406             75               MOV A,#06H                  ;移动光标                          
0087 11B4             76               ACALL LCD_CMD           ;进行LCD忙检测                         
                      77                                                                              
0089 740C             78               MOV A,#0CH                 ;显示开，关光标                     
008B 11B4             79               ACALL LCD_CMD           ;进行LCD忙检测                         
008D 22               80               RET                                                            
                      81     ;***************************************************************         
                      82     ;显示位置与移动光标设定                                                  
                      83     ;***************************************************************         
008E                  84     LCDSET1:                                                                 
008E 7401             85               MOV A,#01H                 ;清除屏幕                           
0090 11B4             86               ACALL LCD_CMD                                                  
0092 311D             87               ACALL DELAY5MS                                                 
0094 7406             88               MOV A,#06H                ;移动光标（光标加1）                 
0096 11B4             89               ACALL LCD_CMD                                                  
0098 311D             90               ACALL DELAY5MS                                                 
009A 7480             91               MOV A,#80H                ;显示第一行左边第一位位置            
009C 11B4             92               ACALL LCD_CMD                                                  
009E 311D             93               ACALL DELAY5MS                                                 
00A0 22               94               RET                                                            
00A1                  95     LCDSET2:                                                                 
00A1 7401             96               MOV A,#01H                ;清除屏幕                            
00A3 11B4             97               ACALL LCD_CMD                                                  
00A5 311D             98               ACALL DELAY5MS                                                 
00A7 7404             99               MOV A,#04H               ;移动光标（光标减1）                  
00A9 11B4            100               ACALL LCD_CMD                                                  
00AB 311D            101               ACALL DELAY5MS                                                 
00AD 748F            102               MOV A,#8FH               ;显示第一行右边第一位位置             
00AF 11B4            103               ACALL LCD_CMD                                                  
00B1 311D            104               ACALL DELAY5MS                                                 
00B3 22              105               RET                                                            
                     106     ;***************************************************************         
                     107     ;写指令数据到LCD                                                         
                     108     ;RS=L,RW=L,D0-D7=指令码，E=高脉冲                                        
                     109     ;***************************************************************         
00B4                 110     LCD_CMD:                                                                 
00B4 11E2            111               ACALL  CHECKBUSY                                               
00B6                 112     LCD_CMD_NC:                                                              
00B6 C2A6            113               CLR LCD_RS                                                     
00B8 C2A5            114               CLR LCD_RW                                                     
00BA F580            115               MOV  P0,A                                                      
00BC D2A7            116               SETB LCD_EN                                                    
00BE 00              117               NOP                                                            
00BF 00              118               NOP                                                            
00C0 00              119               NOP                                                            
00C1 00              120               NOP                                                            
00C2 C2A7            121               CLR  LCD_EN                                                    
00C4 22              122               RET                                                            
                     123     ;***************************************************************         
A51 MACRO ASSEMBLER  GDLCD                                                                03/29/2009 20:14:38 PAGE     3

                     124     ; 发送字符串子程序                                                       
                     125     ;***************************************************************         
00C5                 126     WRITE1:                                                                  
00C5 7810            127               MOV  R0,#16                                                    
00C7                 128     WRITE0:                                                                  
00C7 E4              129               CLR  A                                                         
00C8 93              130               MOVC  A,@A+DPTR                                                
00C9 A3              131               INC  DPTR                                                      
00CA 11D1            132               ACALL LCD_WDATA                                                
00CC 3107            133               CALL  DELAY                    ;加延时形成滚动效果             
00CE D8F7            134               DJNZ  R0,WRITE0                                                
00D0 22              135               RET                                                            
                     136     ;***************************************************************         
                     137     ;写显示数据到LCD                                                         
                     138     ;RS=H,RW=L,D0-D7=数据，E=高脉冲                                          
                     139     ;***************************************************************         
00D1                 140     LCD_WDATA:                                                               
00D1 11E2            141               ACALL  CHECKBUSY                                               
00D3 D2A6            142               SETB  LCD_RS                                                   
00D5 C2A5            143               CLR   LCD_RW                                                   
00D7 F580            144               MOV   P0,A                                                     
00D9 D2A7            145               SETB  LCD_EN                                                   
00DB 00              146               NOP                                                            
00DC 00              147               NOP                                                            
00DD 00              148               NOP                                                            
00DE 00              149               NOP                                                            
00DF C2A7            150               CLR   LCD_EN                                                   
00E1 22              151               RET                                                            
                     152     ;***************************************************************         
                     153     ;检测LCD控制器忙状态                                                     
                     154     ;读数据                                                                  
                     155     ;RS=L,RW=H,E=H,输出：D0-D7=数据                                          
                     156     ;***************************************************************         
00E2                 157     CHECKBUSY:                                                               
00E2 C0E0            158               PUSH  ACC                                                      
00E4 7580FF          159               MOV  P0,#0FFH                                                  
00E7 C2A6            160               CLR   LCD_RS                                                   
00E9 D2A5            161               SETB  LCD_RW                                                   
00EB D2A7            162               SETB  LCD_EN                                                   
00ED                 163     BUSYLOOP:                                                                
00ED 00              164               NOP                                                            
00EE 2087FC          165               JB P0.7,BUSYLOOP                                               
00F1 C2A7            166               CLR  LCD_EN                                                    
00F3 D0E0            167               POP  ACC                                                       
00F5 22              168               RET                                                            
                     169     ;***************************************************************         
                     170     ;闪烁子程序                                                              
                     171     ;***************************************************************         
00F6                 172     SHAN:                                                                    
00F6 7408            173               MOV A,#08H                ;关闭显示                            
00F8 11B4            174               ACALL LCD_CMD                                                  
00FA 3110            175               ACALL DELAY4                                                   
00FC 740C            176               MOV A,#0CH               ;开显示，关闭光标                     
00FE 11B4            177               ACALL LCD_CMD                                                  
0100 3110            178               ACALL DELAY4                                                   
0102 DCF2            179               DJNZ R4,SHAN                                                   
0104 7C02            180               MOV  R4,#02H            ;设置闪烁次数                          
0106 22              181               RET                                                            
                     182     ;***************************************************************         
                     183     ;延时120MS子程序                                                         
                     184     ;发送字符串时使用                                                        
                     185     ;***************************************************************         
0107                 186     DELAY:                                                                   
0107 7FF0            187                  MOV R7,#240                                                 
0109 7EFA            188      DL1:     MOV R6,#250                                                    
010B DEFE            189      DL2:     DJNZ R6,DL2                                                    
A51 MACRO ASSEMBLER  GDLCD                                                                03/29/2009 20:14:38 PAGE     4

010D DFFA            190                  DJNZ R7,DL1                                                 
010F 22              191                  RET                                                         
                     192     ;***************************************************************         
                     193     ;延时800MS子程序                                                         
                     194     ;闪烁时使用                                                              
                     195     ;***************************************************************         
0110                 196     DELAY4:                                                                  
0110 7828            197                  MOV R0,#40                                                  
0112 7964            198      DL3:     MOV R1,#100                                                    
0114 7A64            199      DL4:     MOV R2,#100                                                    
0116 DAFE            200      DL5:     DJNZ R2,DL5                                                    
0118 D9FA            201                  DJNZ R1,DL4                                                 
011A D8F6            202                  DJNZ R0,DL3                                                 
011C 22              203                  RET                                                         
                     204     ;***************************************************************         
                     205     ;延时5MS子程序                                                           
                     206     ;LCD初始化使用                                                           
                     207     ;***************************************************************         
011D                 208     DELAY5MS:                                                                
011D 790A            209                  MOV  R1,#10                                                 
011F 7AF9            210      DL6:     MOV  R2,#249                                                   
0121 DAFE            211      DL7:     DJNZ R2,DL7                                                    
0123 D9FA            212                  DJNZ R1,DL6                                                 
0125 22              213                  RET                                                         
                     214     ;***************************************************************         
                     215     ;延时1MS子程序                                                           
                     216     ;***************************************************************         
0126                 217     DELAY1MS:                                                                
0126 7E14            218                  MOV  R6,#14H        ;20                                     
0128 7F19            219      DL8:     MOV  R7,#19H        ;25                                        
012A DFFE            220      DL9:     DJNZ  R7,DL9                                                   
012C DEFA            221                  DJNZ  R6,DL8                                                
012E 22              222                  RET                                                         
                     223     ;***************************************************************         
012F                 224     CHAR1:                                                                   
012F 20202057        225     DB  "   WELCOME TO   "                                                   
0133 454C434F                
0137 4D452054                
013B 4F202020                
                     226                                                                              
013F                 227     CHAR2:                                                                   
013F 20575757        228     DB  " WWW.PRECHIN.COM "                                                   
0143 2E505245                
0147 4348494E                
014B 2E434F4D                
014F 20                      
                     229                                                                              
0150                 230     CHAR3:                                                                   
0150 2020204F        231     DB  "   OT EMOCLEW   "                                                   
0154 5420454D                
0158 4F434C45                
015C 57202020                
                     232                                                                              
0160                 233     CHAR4:                                                                   
0160 204D4F43        234     DB  " MOC.NIHCERP.WWW "                                                   
0164 2E4E4948                
0168 43455250                
016C 2E575757                
0170 20                      
                     235                                                                              
                     236     ;***************************************************************         
                     237            END                                                               
                                                                                                      
                                                                                                      
                                                                                                      
                                                                                      
A51 MACRO ASSEMBLER  GDLCD                                                                03/29/2009 20:14:38 PAGE     5

SYMBOL TABLE LISTING
------ ----- -------


N A M E             T Y P E  V A L U E   ATTRIBUTES

ACC. . . . . . . .  D ADDR   00E0H   A   
BUSYLOOP . . . . .  C ADDR   00EDH   A   
CHAR1. . . . . . .  C ADDR   012FH   A   
CHAR2. . . . . . .  C ADDR   013FH   A   
CHAR3. . . . . . .  C ADDR   0150H   A   
CHAR4. . . . . . .  C ADDR   0160H   A   
CHECKBUSY. . . . .  C ADDR   00E2H   A   
DELAY. . . . . . .  C ADDR   0107H   A   
DELAY1MS . . . . .  C ADDR   0126H   A   
DELAY4 . . . . . .  C ADDR   0110H   A   
DELAY5MS . . . . .  C ADDR   011DH   A   
DL1. . . . . . . .  C ADDR   0109H   A   
DL2. . . . . . . .  C ADDR   010BH   A   
DL3. . . . . . . .  C ADDR   0112H   A   
DL4. . . . . . . .  C ADDR   0114H   A   
DL5. . . . . . . .  C ADDR   0116H   A   
DL6. . . . . . . .  C ADDR   011FH   A   
DL7. . . . . . . .  C ADDR   0121H   A   
DL8. . . . . . . .  C ADDR   0128H   A   
DL9. . . . . . . .  C ADDR   012AH   A   
LCDSET1. . . . . .  C ADDR   008EH   A   
LCDSET2. . . . . .  C ADDR   00A1H   A   
LCD_CMD. . . . . .  C ADDR   00B4H   A   
LCD_CMD_NC . . . .  C ADDR   00B6H   A   
LCD_EN . . . . . .  B ADDR   00A0H.7 A   
LCD_INIT . . . . .  C ADDR   0065H   A   
LCD_RS . . . . . .  B ADDR   00A0H.6 A   
LCD_RW . . . . . .  B ADDR   00A0H.5 A   
LCD_WDATA. . . . .  C ADDR   00D1H   A   
MAIN . . . . . . .  C ADDR   0030H   A   
MAIN1. . . . . . .  C ADDR   0037H   A   
P0 . . . . . . . .  D ADDR   0080H   A   
P2 . . . . . . . .  D ADDR   00A0H   A   
SHAN . . . . . . .  C ADDR   00F6H   A   
SP . . . . . . . .  D ADDR   0081H   A   
WRITE0 . . . . . .  C ADDR   00C7H   A   
WRITE1 . . . . . .  C ADDR   00C5H   A   


REGISTER BANK(S) USED: 0 


ASSEMBLY COMPLETE.  0 WARNING(S), 0 ERROR(S)
